<?xml version="1.0" encoding="UTF-8"?>
<testng-results ignored="0" total="1" passed="1" failed="0" skipped="0">
  <reporter-output>
  </reporter-output>
  <suite started-at="2023-08-13T16:02:47 IST" name="Default suite" finished-at="2023-08-13T16:03:10 IST" duration-ms="23139">
    <groups>
      <group name="cucumber">
        <method signature="AbstractTestNGCucumberTests.runScenario(io.cucumber.testng.PickleWrapper,io.cucumber.testng.FeatureWrapper)[pri:0, instance:testcases.CreateLeadTestcase@73e9cf30]" name="runScenario" class="io.cucumber.testng.AbstractTestNGCucumberTests"/>
      </group> <!-- cucumber -->
    </groups>
    <test started-at="2023-08-13T16:02:47 IST" name="Default test" finished-at="2023-08-13T16:03:10 IST" duration-ms="23139">
      <class name="testcases.CreateLeadTestcase">
        <test-method is-config="true" signature="setValues()[pri:0, instance:testcases.CreateLeadTestcase@73e9cf30]" started-at="2023-08-13T16:02:47 IST" name="setValues" finished-at="2023-08-13T16:02:47 IST" duration-ms="19" status="PASS">
          <reporter-output>
          </reporter-output>
        </test-method> <!-- setValues -->
        <test-method is-config="true" signature="setUpClass(org.testng.ITestContext)[pri:0, instance:testcases.CreateLeadTestcase@73e9cf30]" started-at="2023-08-13T16:02:47 IST" name="setUpClass" finished-at="2023-08-13T16:02:47 IST" duration-ms="382" status="PASS">
          <params>
            <param index="0">
              <value>
                <![CDATA[org.testng.TestRunner@1526f71]]>
              </value>
            </param>
          </params>
          <reporter-output>
          </reporter-output>
        </test-method> <!-- setUpClass -->
        <test-method is-config="true" signature="preCondition()[pri:0, instance:testcases.CreateLeadTestcase@73e9cf30]" started-at="2023-08-13T16:02:49 IST" name="preCondition" finished-at="2023-08-13T16:02:59 IST" duration-ms="9485" status="PASS">
          <reporter-output>
          </reporter-output>
        </test-method> <!-- preCondition -->
        <test-method signature="runCreateLead(java.lang.String,java.lang.String,java.lang.String)[pri:0, instance:testcases.CreateLeadTestcase@73e9cf30]" started-at="2023-08-13T16:02:59 IST" name="runCreateLead" data-provider="sendData" finished-at="2023-08-13T16:03:09 IST" duration-ms="10465" status="PASS">
          <params>
            <param index="0">
              <value>
                <![CDATA[Qeagle]]>
              </value>
            </param>
            <param index="1">
              <value>
                <![CDATA[Vidhya]]>
              </value>
            </param>
            <param index="2">
              <value>
                <![CDATA[R]]>
              </value>
            </param>
          </params>
          <reporter-output>
          </reporter-output>
        </test-method> <!-- runCreateLead -->
        <test-method is-config="true" signature="postCondition()[pri:0, instance:testcases.CreateLeadTestcase@73e9cf30]" started-at="2023-08-13T16:03:09 IST" name="postCondition" finished-at="2023-08-13T16:03:10 IST" duration-ms="606" status="PASS">
          <reporter-output>
          </reporter-output>
        </test-method> <!-- postCondition -->
        <test-method is-config="true" signature="tearDownClass()[pri:0, instance:testcases.CreateLeadTestcase@73e9cf30]" started-at="2023-08-13T16:03:10 IST" name="tearDownClass" finished-at="2023-08-13T16:03:10 IST" duration-ms="17" status="PASS">
          <reporter-output>
          </reporter-output>
        </test-method> <!-- tearDownClass -->
      </class> <!-- testcases.CreateLeadTestcase -->
    </test> <!-- Default test -->
  </suite> <!-- Default suite -->
</testng-results>
