<?xml version="1.0" encoding="UTF-8"?>
<testng-results ignored="0" total="1" passed="1" failed="0" skipped="0">
  <reporter-output>
  </reporter-output>
  <suite started-at="2023-08-06T18:27:58 IST" name="Default suite" finished-at="2023-08-06T18:28:10 IST" duration-ms="12039">
    <groups>
    </groups>
    <test started-at="2023-08-06T18:27:58 IST" name="Default test" finished-at="2023-08-06T18:28:10 IST" duration-ms="12039">
      <class name="testcases.VerifyLogin">
        <test-method is-config="true" signature="preCondition()[pri:0, instance:testcases.VerifyLogin@7fee8714]" started-at="2023-08-06T18:27:58 IST" name="preCondition" finished-at="2023-08-06T18:28:06 IST" duration-ms="8790" status="PASS">
          <reporter-output>
          </reporter-output>
        </test-method> <!-- preCondition -->
        <test-method signature="runLogin()[pri:0, instance:testcases.VerifyLogin@7fee8714]" started-at="2023-08-06T18:28:06 IST" name="runLogin" finished-at="2023-08-06T18:28:08 IST" duration-ms="1676" status="PASS">
          <reporter-output>
          </reporter-output>
        </test-method> <!-- runLogin -->
        <test-method is-config="true" signature="postCondition()[pri:0, instance:testcases.VerifyLogin@7fee8714]" started-at="2023-08-06T18:28:08 IST" name="postCondition" finished-at="2023-08-06T18:28:10 IST" duration-ms="1475" status="PASS">
          <reporter-output>
          </reporter-output>
        </test-method> <!-- postCondition -->
      </class> <!-- testcases.VerifyLogin -->
    </test> <!-- Default test -->
  </suite> <!-- Default suite -->
</testng-results>
