<?xml version="1.0" encoding="UTF-8"?>
<testng-results ignored="0" total="1" passed="1" failed="0" skipped="0">
  <reporter-output>
  </reporter-output>
  <suite started-at="2023-08-13T18:49:11 IST" name="Suite" finished-at="2023-08-13T18:51:36 IST" duration-ms="144168">
    <groups>
    </groups>
    <test started-at="2023-08-13T18:49:11 IST" name="Test" finished-at="2023-08-13T18:51:36 IST" duration-ms="144168">
      <class name="testcases.VerifyLogin">
        <test-method is-config="true" signature="startReport()[pri:0, instance:testcases.VerifyLogin@13e344d]" started-at="2023-08-13T18:48:12 IST" name="startReport" finished-at="2023-08-13T18:49:11 IST" duration-ms="59680" status="PASS">
          <reporter-output>
          </reporter-output>
        </test-method> <!-- startReport -->
        <test-method is-config="true" signature="setValues()[pri:0, instance:testcases.VerifyLogin@13e344d]" started-at="2023-08-13T18:49:11 IST" name="setValues" finished-at="2023-08-13T18:49:23 IST" duration-ms="11639" status="PASS">
          <reporter-output>
          </reporter-output>
        </test-method> <!-- setValues -->
        <test-method is-config="true" signature="testcaseDetails()[pri:0, instance:testcases.VerifyLogin@13e344d]" started-at="2023-08-13T18:49:23 IST" name="testcaseDetails" finished-at="2023-08-13T18:50:01 IST" duration-ms="37534" status="PASS">
          <reporter-output>
          </reporter-output>
        </test-method> <!-- testcaseDetails -->
        <test-method is-config="true" signature="preCondition(java.lang.String)[pri:0, instance:testcases.VerifyLogin@13e344d]" started-at="2023-08-13T18:50:10 IST" name="preCondition" finished-at="2023-08-13T18:50:21 IST" duration-ms="10971" status="PASS">
          <params>
            <param index="0">
              <value>
                <![CDATA[chrome]]>
              </value>
            </param>
          </params>
          <reporter-output>
          </reporter-output>
        </test-method> <!-- preCondition -->
        <test-method signature="runLogin(java.lang.String,java.lang.String)[pri:0, instance:testcases.VerifyLogin@13e344d]" started-at="2023-08-13T18:50:21 IST" name="runLogin" data-provider="sendData" finished-at="2023-08-13T18:51:31 IST" duration-ms="69844" status="PASS">
          <params>
            <param index="0">
              <value>
                <![CDATA[Demosalesmanager]]>
              </value>
            </param>
            <param index="1">
              <value>
                <![CDATA[crmsfa]]>
              </value>
            </param>
          </params>
          <reporter-output>
          </reporter-output>
        </test-method> <!-- runLogin -->
        <test-method is-config="true" signature="postCondition()[pri:0, instance:testcases.VerifyLogin@13e344d]" started-at="2023-08-13T18:51:31 IST" name="postCondition" finished-at="2023-08-13T18:51:36 IST" duration-ms="4665" status="PASS">
          <reporter-output>
          </reporter-output>
        </test-method> <!-- postCondition -->
        <test-method is-config="true" signature="stopReport()[pri:0, instance:testcases.VerifyLogin@13e344d]" started-at="2023-08-13T18:51:36 IST" name="stopReport" finished-at="2023-08-13T18:51:38 IST" duration-ms="2329" status="PASS">
          <reporter-output>
          </reporter-output>
        </test-method> <!-- stopReport -->
      </class> <!-- testcases.VerifyLogin -->
    </test> <!-- Test -->
  </suite> <!-- Suite -->
</testng-results>
